生成启动时间为 2016/12/29 20:16:43。
     1>项目“F:\CSharp\VectorCalc\VectorCalc.vcxproj”在节点 2 上(build 个目标)。
       项目文件包含 ToolsVersion="12.0" 设置，但此工具集未知或缺失。您可以通过为此工具集安装相应的 .NET Framework 来解决此问题。将项目视为具有 ToolsVersion="4.0" 设置。
     1>InitializeBuildStatus:
         正在创建“x64\Debug\VectorCalc.unsuccessfulbuild”，因为已指定“AlwaysCreate”。
       ClCompile:
         C:\Program Files (x86)\Microsoft Visual Studio 10.0\VC\bin\x86_amd64\CL.exe /c /Zi /nologo /W1 /WX- /O2 /Gm- /EHsc /MD /GS /fp:precise /Zc:wchar_t /Zc:forScope /Fo"x64\Debug\\" /Fd"x64\Debug\vc100.pdb" /Gd /TP /errorReport:prompt CVectData.cpp Main.cpp RasterReadWrite.cpp
         CVectData.cpp
         Main.cpp
     1>Main.cpp(18): warning C4091: “typedef ”: 没有声明变量时忽略“Parameters”的左侧
         RasterReadWrite.cpp
         Generating Code...
       Link:
         C:\Program Files (x86)\Microsoft Visual Studio 10.0\VC\bin\x86_amd64\link.exe /ERRORREPORT:PROMPT /OUT:"F:\CSharp\VectorCalc\x64\Debug\VectorCalc.exe" /NOLOGO kernel32.lib user32.lib gdi32.lib winspool.lib comdlg32.lib advapi32.lib shell32.lib ole32.lib oleaut32.lib uuid.lib odbc32.lib odbccp32.lib /MANIFEST /ManifestFile:"x64\Debug\VectorCalc.exe.intermediate.manifest" /MANIFESTUAC:"level='asInvoker' uiAccess='false'" /DEBUG /PDB:"F:\CSharp\VectorCalc\x64\Debug\VectorCalc.pdb" /TLBID:1 /DYNAMICBASE /NXCOMPAT /IMPLIB:"F:\CSharp\VectorCalc\x64\Debug\VectorCalc.lib" /MACHINE:X64 x64\Debug\CVectData.obj
         x64\Debug\Main.obj
         x64\Debug\RasterReadWrite.obj
            正在创建库 F:\CSharp\VectorCalc\x64\Debug\VectorCalc.lib 和对象 F:\CSharp\VectorCalc\x64\Debug\VectorCalc.exp
         VectorCalc.vcxproj -> F:\CSharp\VectorCalc\x64\Debug\VectorCalc.exe
       Manifest:
         C:\Program Files (x86)\Microsoft SDKs\Windows\v7.0A\bin\mt.exe /nologo /verbose /out:"F:\CSharp\VectorCalc\x64\Debug\VectorCalc.exe.manifest" /manifest x64\Debug\VectorCalc.exe.intermediate.manifest
       FinalizeBuildStatus:
         正在删除文件“x64\Debug\VectorCalc.unsuccessfulbuild”。
         正在对“x64\Debug\VectorCalc.lastbuildstate”执行 Touch 任务。
     1>已完成生成项目“F:\CSharp\VectorCalc\VectorCalc.vcxproj”(build 个目标)的操作。

生成成功。

已用时间 00:00:02.68
