F:\CSharp\VectorCalc\x64\Debug\cl.command.1.tlog
F:\CSharp\VectorCalc\x64\Debug\CL.read.1.tlog
F:\CSharp\VectorCalc\x64\Debug\CL.write.1.tlog
F:\CSHARP\VECTORCALC\X64\DEBUG\CVECTDATA.OBJ
F:\CSharp\VectorCalc\x64\Debug\link.command.1.tlog
F:\CSharp\VectorCalc\x64\Debug\link.read.1.tlog
F:\CSharp\VectorCalc\x64\Debug\link.write.1.tlog
F:\CSHARP\VECTORCALC\X64\DEBUG\MAIN.OBJ
F:\CSharp\VectorCalc\x64\Debug\mt.command.1.tlog
F:\CSharp\VectorCalc\x64\Debug\mt.read.1.tlog
F:\CSharp\VectorCalc\x64\Debug\mt.write.1.tlog
F:\CSHARP\VECTORCALC\X64\DEBUG\RASTERREADWRITE.OBJ
F:\CSHARP\VECTORCALC\X64\DEBUG\VC100.PDB
F:\CSHARP\VECTORCALC\X64\DEBUG\VECTORCALC.EXE
F:\CSHARP\VECTORCALC\X64\DEBUG\VECTORCALC.EXE.INTERMEDIATE.MANIFEST
F:\CSHARP\VECTORCALC\X64\DEBUG\VECTORCALC.EXE.MANIFEST
F:\CSharp\VectorCalc\x64\Debug\VectorCalc.exp
F:\CSHARP\VECTORCALC\X64\DEBUG\VECTORCALC.ILK
F:\CSharp\VectorCalc\x64\Debug\VectorCalc.lib
F:\CSHARP\VECTORCALC\X64\DEBUG\VECTORCALC.PDB
F:\CSharp\VectorCalc\x64\Debug\VectorCalc.write.1.tlog
